{"name": "Test Delete Booking by ID", "status": "failed", "statusDetails": {"message": "AssertionError: Expected status code 200 but got 403\nassert 403 == 200\n +  where 403 = <Response [403]>.status_code", "trace": "@allure.feature('Booking Feature')\n    @allure.suite('Delete Booking Suite')\n    @allure.title('Test Delete Booking by ID')\n    @allure.description('Test to delete a booking by ID and verify the response.')\n    @allure.severity(allure.severity_level.CRITICAL)\n    @pytest.mark.smoke\n    @pytest.mark.regression\n    def test_partial_update_booking():\n        body = {\n            \"firstname\": \"James\",\n            \"lastname\": \"Brown\"\n        }\n        headers = {'Content-Type': 'application/json', 'Accept': 'application/json',\n                   'Cookie': f'token={test_1_booking_token.my_token}'}\n    \n        with allure.step('Send PATCH request to partially update a booking'):\n            response = requests.patch(\n                f'https://restful-booker.herokuapp.com/booking/{test_2_booking_post.my_bookingid}',\n                json=body,\n                headers=headers\n            )\n    \n        with allure.step('Verify response status code is 200'):\n>           assert response.status_code == 200, f'Expected status code 200 but got {response.status_code}'\nE           AssertionError: Expected status code 200 but got 403\nE           assert 403 == 200\nE            +  where 403 = <Response [403]>.status_code\n\ntest_5_booking_patch.py:32: AssertionError"}, "description": "Test to delete a booking by ID and verify the response.", "steps": [{"name": "Send PATCH request to partially update a booking", "status": "passed", "start": 1722265334786, "stop": 1722265335375}, {"name": "Verify response status code is 200", "status": "failed", "statusDetails": {"message": "AssertionError: Expected status code 200 but got 403\nassert 403 == 200\n +  where 403 = <Response [403]>.status_code\n", "trace": "  File \"C:\\Users\\OFICE-1\\qa\\restfull-booker2\\test_5_booking_patch.py\", line 32, in test_partial_update_booking\n    assert response.status_code == 200, f'Expected status code 200 but got {response.status_code}'\n"}, "start": 1722265335375, "stop": 1722265335376}], "start": 1722265334786, "stop": 1722265335376, "uuid": "a9660d6b-1c9c-4f61-9c7e-83dd00da3c1d", "historyId": "d0245371185e3ad0734f9297a982ed7b", "testCaseId": "d0245371185e3ad0734f9297a982ed7b", "fullName": "test_5_booking_patch#test_partial_update_booking", "labels": [{"name": "suite", "value": "Delete Booking Suite"}, {"name": "feature", "value": "Booking Feature"}, {"name": "severity", "value": "critical"}, {"name": "tag", "value": "regression"}, {"name": "tag", "value": "smoke"}, {"name": "host", "value": "DESKTOP-KAKRSFS"}, {"name": "thread", "value": "13980-MainThread"}, {"name": "framework", "value": "pytest"}, {"name": "language", "value": "cpython3"}, {"name": "package", "value": "test_5_booking_patch"}]}